#
# A fatal error has been detected by the Java Runtime Environment:
#
#  EXCEPTION_ACCESS_VIOLATION (0xc0000005) at pc=0x0000000050369535, pid=31208, tid=31092
#
# JRE version: Java(TM) SE Runtime Environment (8.0_20-b26) (build 1.8.0_20-b26)
# Java VM: Java HotSpot(TM) 64-Bit Server VM (25.20-b23 mixed mode windows-amd64 compressed oops)
# Problematic frame:
# V  [jvm.dll+0x119535]
#
# Failed to write core dump. Minidumps are not enabled by default on client versions of Windows
#
# If you would like to submit a bug report, please visit:
#   http://bugreport.sun.com/bugreport/crash.jsp
#

---------------  T H R E A D  ---------------

Current thread (0x0000000014caa800):  JavaThread "JDWP Transport Listener: dt_socket" daemon [_thread_in_vm, id=31092, stack(0x0000000017060000,0x0000000017160000)]

siginfo: ExceptionCode=0xc0000005, reading address 0xffffffffffffffff

Registers:
RAX=0x000000001715f301, RBX=0x0000000014caa800, RCX=0x4c003b00003b7200, RDX=0x0000000000000000
RSP=0x000000001715f2f0, RBP=0x4c003b00003b7200, RSI=0x000000001715f408, RDI=0x0000000002188b90
R8 =0x0000000014caa800, R9 =0x000001450023001c, R10=0x0000000000000000, R11=0x000000001715f5ed
R12=0x0000000000000000, R13=0x00000000160a4f48, R14=0x0000000000000000, R15=0x0000000000000000
RIP=0x0000000050369535, EFLAGS=0x0000000000010206

Top of Stack: (sp=0x000000001715f2f0)
0x000000001715f2f0:   0000000014caa800 0000000014caa800
0x000000001715f300:   000000001715f3b8 000000005056655b
0x000000001715f310:   0000000014caa800 0000000050582dbd
0x000000001715f320:   0000000000000000 000000005c739149
0x000000001715f330:   00000000161ad840 000000005c742912
0x000000001715f340:   0000000014caa800 0000000000000000
0x000000001715f350:   0000000000000000 0000000000000000
0x000000001715f360:   4c003b00003b7200 000000005c741a09
0x000000001715f370:   000000001715f408 000000001715f3e0
0x000000001715f380:   0000000000000001 00000000161ad840
0x000000001715f390:   4c003b00003b7200 000000005c7253b3
0x000000001715f3a0:   000000001715f4d0 0000000000000001
0x000000001715f3b0:   0000000000000001 00000000161ad840
0x000000001715f3c0:   0000000000000009 0000000000000000
0x000000001715f3d0:   0000000000000000 0000000000000000
0x000000001715f3e0:   0000000000000001 000000005c725571 

Instructions: (pc=0x0000000050369535)
0x0000000050369515:   cc cc cc cc cc cc cc cc cc cc cc 48 83 ec 28 48
0x0000000050369525:   85 c9 75 07 33 c0 48 83 c4 28 c3 48 89 5c 24 20
0x0000000050369535:   48 8b 19 48 85 db 74 20 48 83 fb 37 74 1a 48 8b
0x0000000050369545:   13 48 8b cb ff 52 10 84 c0 74 0d 48 8b c3 48 8b 


Register to memory mapping:

RAX=0x000000001715f301 is pointing into the stack for thread: 0x0000000014caa800
RBX=0x0000000014caa800 is a thread
RCX=0x4c003b00003b7200 is an unknown value
RDX=0x0000000000000000 is an unknown value
RSP=0x000000001715f2f0 is pointing into the stack for thread: 0x0000000014caa800
RBP=0x4c003b00003b7200 is an unknown value
RSI=0x000000001715f408 is pointing into the stack for thread: 0x0000000014caa800
RDI=0x0000000002188b90 is an unknown value
R8 =0x0000000014caa800 is a thread
R9 =0x000001450023001c is an unknown value
R10=0x0000000000000000 is an unknown value
R11=0x000000001715f5ed is pointing into the stack for thread: 0x0000000014caa800
R12=0x0000000000000000 is an unknown value
R13=0x00000000160a4f48 is an unknown value
R14=0x0000000000000000 is an unknown value
R15=0x0000000000000000 is an unknown value


Stack: [0x0000000017060000,0x0000000017160000],  sp=0x000000001715f2f0,  free space=1020k
Native frames: (J=compiled Java code, j=interpreted, Vv=VM code, C=native code)
V  [jvm.dll+0x119535]
V  [jvm.dll+0x332dbd]
C  [jdwp.dll+0x21a09]
C  [jdwp.dll+0x53b3]
C  [jdwp.dll+0x5571]
C  [jdwp.dll+0xf09c]
C  [jdwp.dll+0x1f2c9]
C  [jdwp.dll+0x1f49e]
V  [jvm.dll+0x1aaa18]
V  [jvm.dll+0x22aac4]
V  [jvm.dll+0x283f5a]
C  [msvcr100.dll+0x21d9f]
C  [msvcr100.dll+0x21e3b]
C  [kernel32.dll+0x159ed]
C  [ntdll.dll+0x2c541]


---------------  P R O C E S S  ---------------

Java Threads: ( => current thread )
  0x0000000016117800 JavaThread "Service Thread" daemon [_thread_blocked, id=27372, stack(0x0000000017bb0000,0x0000000017cb0000)]
  0x0000000016116000 JavaThread "C1 CompilerThread2" daemon [_thread_blocked, id=27280, stack(0x0000000017cd0000,0x0000000017dd0000)]
  0x00000000160c5000 JavaThread "C2 CompilerThread1" daemon [_thread_blocked, id=31200, stack(0x0000000017ab0000,0x0000000017bb0000)]
  0x00000000160c1000 JavaThread "C2 CompilerThread0" daemon [_thread_blocked, id=27076, stack(0x00000000179a0000,0x0000000017aa0000)]
  0x00000000160b0000 JavaThread "JDWP Command Reader" daemon [_thread_in_native, id=30020, stack(0x0000000017780000,0x0000000017880000)]
  0x00000000160af000 JavaThread "JDWP Event Helper Thread" daemon [_thread_blocked, id=30036, stack(0x0000000017530000,0x0000000017630000)]
=>0x0000000014caa800 JavaThread "JDWP Transport Listener: dt_socket" daemon [_thread_in_vm, id=31092, stack(0x0000000017060000,0x0000000017160000)]
  0x0000000014ca5800 JavaThread "Attach Listener" daemon [_thread_blocked, id=25364, stack(0x0000000016780000,0x0000000016880000)]
  0x0000000014ca4800 JavaThread "Signal Dispatcher" daemon [_thread_blocked, id=28896, stack(0x00000000164b0000,0x00000000165b0000)]
  0x0000000014c45000 JavaThread "Finalizer" daemon [_thread_blocked, id=30852, stack(0x0000000015fa0000,0x00000000160a0000)]
  0x0000000014c3c000 JavaThread "Reference Handler" daemon [_thread_blocked, id=29660, stack(0x0000000015e60000,0x0000000015f60000)]
  0x0000000002068800 JavaThread "main" [_thread_blocked, id=23756, stack(0x00000000023e0000,0x00000000024e0000)]

Other Threads:
  0x0000000014c36000 VMThread [stack: 0x0000000015d20000,0x0000000015e20000] [id=31452]
  0x000000001611c000 WatcherThread [stack: 0x0000000017e20000,0x0000000017f20000] [id=28912]

VM state:not at safepoint (normal execution)

VM Mutex/Monitor currently owned by a thread: None

Heap:
 PSYoungGen      total 17920K, used 1850K [0x00000000ec180000, 0x00000000ed580000, 0x0000000100000000)
  eden space 15360K, 12% used [0x00000000ec180000,0x00000000ec34ea18,0x00000000ed080000)
  from space 2560K, 0% used [0x00000000ed300000,0x00000000ed300000,0x00000000ed580000)
  to   space 2560K, 0% used [0x00000000ed080000,0x00000000ed080000,0x00000000ed300000)
 ParOldGen       total 40960K, used 0K [0x00000000c4400000, 0x00000000c6c00000, 0x00000000ec180000)
  object space 40960K, 0% used [0x00000000c4400000,0x00000000c4400000,0x00000000c6c00000)
 Metaspace       used 2854K, capacity 4494K, committed 4864K, reserved 1056768K
  class space    used 307K, capacity 386K, committed 512K, reserved 1048576K

Card table byte_map: [0x0000000011b70000,0x0000000011d50000] byte_map_base: 0x000000001154e000

Marking Bits: (ParMarkBitMap*) 0x0000000050a2b460
 Begin Bits: [0x00000000122f0000, 0x00000000131e0000)
 End Bits:   [0x00000000131e0000, 0x00000000140d0000)

Polling page: 0x0000000000120000

CodeCache: size=245760Kb used=1143Kb max_used=1143Kb free=244616Kb
 bounds [0x00000000027b0000, 0x0000000002a20000, 0x00000000117b0000]
 total_blobs=273 nmethods=43 adapters=152
 compilation: enabled

Compilation events (10 events):
Event: 0.773 Thread 0x0000000016116000   37       3       java.util.jar.Attributes$Name::isAlpha (30 bytes)
Event: 0.774 Thread 0x0000000016116000 nmethod 37 0x00000000028cca90 code [0x00000000028ccc00, 0x00000000028cce30]
Event: 0.774 Thread 0x0000000016116000   38       3       java.lang.AbstractStringBuilder::append (50 bytes)
Event: 0.775 Thread 0x0000000016116000 nmethod 38 0x00000000028cce90 code [0x00000000028cd020, 0x00000000028cd528]
Event: 0.779 Thread 0x0000000016116000   41       3       java.lang.StringBuilder::append (8 bytes)
Event: 0.779 Thread 0x0000000016116000 nmethod 41 0x00000000028cd710 code [0x00000000028cd880, 0x00000000028cda28]
Event: 0.779 Thread 0x0000000016116000   42       1       java.nio.Buffer::position (5 bytes)
Event: 0.779 Thread 0x0000000016116000 nmethod 42 0x00000000028cdad0 code [0x00000000028cdc20, 0x00000000028cdd30]
Event: 0.781 Thread 0x0000000016116000   43       1       java.nio.Buffer::limit (5 bytes)
Event: 0.782 Thread 0x0000000016116000 nmethod 43 0x00000000028cdd90 code [0x00000000028cdee0, 0x00000000028cdff0]

GC Heap History (0 events):
No events

Deoptimization events (0 events):
No events

Internal exceptions (7 events):
Event: 0.123 Thread 0x0000000002068800 Exception <a 'java/lang/NoSuchMethodError': Method sun.misc.Unsafe.defineClass(Ljava/lang/String;[BII)Ljava/lang/Class; name or signature does not match> (0x00000000ec18cb60) thrown at [D:\re\workspace\8-2-build-windows-amd64-cygwin\jdk8u20\1074\hotspot\sr@Åü”òø?
Event: 0.123 Thread 0x0000000002068800 Exception <a 'java/lang/NoSuchMethodError': Method sun.misc.Unsafe.prefetchRead(Ljava/lang/Object;J)V name or signature does not match> (0x00000000ec18cdf0) thrown at [D:\re\workspace\8-2-build-windows-amd64-cygwin\jdk8u20\1074\hotspot\src\share\vm\prims\j{é∫ùümË?
Event: 0.763 Thread 0x0000000002068800 Exception <a 'java/security/PrivilegedActionException'> (0x00000000ec31b4d8) thrown at [D:\re\workspace\8-2-build-windows-amd64-cygwin\jdk8u20\1074\hotspot\src\share\vm\prims\jvm.cpp, line 1275]
Event: 0.764 Thread 0x0000000002068800 Exception <a 'java/security/PrivilegedActionException'> (0x00000000ec31b690) thrown at [D:\re\workspace\8-2-build-windows-amd64-cygwin\jdk8u20\1074\hotspot\src\share\vm\prims\jvm.cpp, line 1275]
Event: 0.765 Thread 0x0000000002068800 Exception <a 'java/security/PrivilegedActionException'> (0x00000000ec31d188) thrown at [D:\re\workspace\8-2-build-windows-amd64-cygwin\jdk8u20\1074\hotspot\src\share\vm\prims\jvm.cpp, line 1275]
Event: 0.765 Thread 0x0000000002068800 Exception <a 'java/security/PrivilegedActionException'> (0x00000000ec31d340) thrown at [D:\re\workspace\8-2-build-windows-amd64-cygwin\jdk8u20\1074\hotspot\src\share\vm\prims\jvm.cpp, line 1275]
Event: 0.766 Thread 0x0000000002068800 Exception <a 'java/security/PrivilegedActionException'> (0x00000000ec31e288) thrown at [D:\re\workspace\8-2-build-windows-amd64-cygwin\jdk8u20\1074\hotspot\src\share\vm\prims\jvm.cpp, line 1275]

Events (10 events):
Event: 105.710 Executing VM operation: RedefineClasses
Event: 105.711 Executing VM operation: RedefineClasses done
Event: 105.727 Executing VM operation: ChangeBreakpoints
Event: 105.727 Executing VM operation: ChangeBreakpoints done
Event: 792.924 Executing VM operation: ChangeBreakpoints
Event: 792.924 Executing VM operation: ChangeBreakpoints done
Event: 795.728 Executing VM operation: ChangeBreakpoints
Event: 795.728 Executing VM operation: ChangeBreakpoints done
Event: 801.200 Executing VM operation: RedefineClasses
Event: 801.201 Executing VM operation: RedefineClasses done


Dynamic libraries:
0x000000013fb10000 - 0x000000013fb44000 	C:\Program Files\Java\jdk1.8.0_20\bin\javaw.exe
0x0000000076f40000 - 0x00000000770e9000 	C:\Windows\SYSTEM32\ntdll.dll
0x0000000076d20000 - 0x0000000076e3f000 	C:\Windows\system32\kernel32.dll
0x000007fefcf90000 - 0x000007fefcffc000 	C:\Windows\system32\KERNELBASE.dll
0x0000000074a20000 - 0x0000000074aa7000 	C:\Windows\System32\SYSFER.DLL
0x000007fefe5a0000 - 0x000007fefe67b000 	C:\Windows\system32\ADVAPI32.dll
0x000007fefdef0000 - 0x000007fefdf8f000 	C:\Windows\system32\msvcrt.dll
0x000007fefeca0000 - 0x000007fefecbf000 	C:\Windows\SYSTEM32\sechost.dll
0x000007fefe3a0000 - 0x000007fefe4cd000 	C:\Windows\system32\RPCRT4.dll
0x0000000076e40000 - 0x0000000076f3a000 	C:\Windows\system32\USER32.dll
0x000007fefe080000 - 0x000007fefe0e7000 	C:\Windows\system32\GDI32.dll
0x000007fefec90000 - 0x000007fefec9e000 	C:\Windows\system32\LPK.dll
0x000007fefe4d0000 - 0x000007fefe599000 	C:\Windows\system32\USP10.dll
0x000007fefbe20000 - 0x000007fefc014000 	C:\Windows\WinSxS\amd64_microsoft.windows.common-controls_6595b64144ccf1df_6.0.7601.17514_none_fa396087175ac9ac\COMCTL32.dll
0x000007fefe190000 - 0x000007fefe201000 	C:\Windows\system32\SHLWAPI.dll
0x000007fefe860000 - 0x000007fefe88e000 	C:\Windows\system32\IMM32.DLL
0x000007fefecc0000 - 0x000007fefedc9000 	C:\Windows\system32\MSCTF.dll
0x000000005b820000 - 0x000000005b8f2000 	C:\Program Files\Java\jdk1.8.0_20\jre\bin\msvcr100.dll
0x0000000050250000 - 0x0000000050aa8000 	C:\Program Files\Java\jdk1.8.0_20\jre\bin\server\jvm.dll
0x000007fef3f60000 - 0x000007fef3f69000 	C:\Windows\system32\WSOCK32.dll
0x000007fefeb60000 - 0x000007fefebad000 	C:\Windows\system32\WS2_32.dll
0x000007fefdf90000 - 0x000007fefdf98000 	C:\Windows\system32\NSI.dll
0x000007fefa380000 - 0x000007fefa3bb000 	C:\Windows\system32\WINMM.dll
0x0000000077110000 - 0x0000000077117000 	C:\Windows\system32\PSAPI.DLL
0x0000000066950000 - 0x000000006695f000 	C:\Program Files\Java\jdk1.8.0_20\jre\bin\verify.dll
0x000000005c760000 - 0x000000005c788000 	C:\Program Files\Java\jdk1.8.0_20\jre\bin\java.dll
0x000000005c720000 - 0x000000005c755000 	C:\Program Files\Java\jdk1.8.0_20\jre\bin\jdwp.dll
0x0000000066250000 - 0x0000000066258000 	C:\Program Files\Java\jdk1.8.0_20\jre\bin\npt.dll
0x000000005c7c0000 - 0x000000005c7d6000 	C:\Program Files\Java\jdk1.8.0_20\jre\bin\zip.dll
0x000007fefd0c0000 - 0x000007fefde48000 	C:\Windows\system32\SHELL32.dll
0x000007feff040000 - 0x000007feff243000 	C:\Windows\system32\ole32.dll
0x000007fefcd00000 - 0x000007fefcd0f000 	C:\Windows\system32\profapi.dll
0x0000000065ce0000 - 0x0000000065ce9000 	C:\Program Files\Java\jdk1.8.0_20\jre\bin\dt_socket.dll
0x000007fefb5d0000 - 0x000007fefb7d1000 	C:\Program Files (x86)\Forefront TMG Client\FwcWsp64.dll
0x000007fefcf50000 - 0x000007fefcf8a000 	C:\Windows\system32\WINTRUST.dll
0x000007fefcde0000 - 0x000007fefcf4c000 	C:\Windows\system32\CRYPT32.dll
0x000007fefcd10000 - 0x000007fefcd1f000 	C:\Windows\system32\MSASN1.dll
0x000007fefc0b0000 - 0x000007fefc0bc000 	C:\Windows\system32\VERSION.dll
0x000007fefbbe0000 - 0x000007fefbbf6000 	C:\Windows\system32\NETAPI32.dll
0x000007fefc0e0000 - 0x000007fefc0ec000 	C:\Windows\system32\netutils.dll
0x000007fefca00000 - 0x000007fefca23000 	C:\Windows\system32\srvcli.dll
0x000007fefbbc0000 - 0x000007fefbbd5000 	C:\Windows\system32\wkscli.dll
0x000007fefb5c0000 - 0x000007fefb5cc000 	C:\Windows\system32\DSROLE.DLL
0x000007fefa360000 - 0x000007fefa375000 	C:\Windows\system32\NLAapi.dll
0x000007fef3ec0000 - 0x000007fef3ed5000 	C:\Windows\system32\napinsp.dll
0x000007fef3ea0000 - 0x000007fef3eb9000 	C:\Windows\system32\pnrpnsp.dll
0x000007fefc4c0000 - 0x000007fefc515000 	C:\Windows\System32\mswsock.dll
0x000007fefc340000 - 0x000007fefc39b000 	C:\Windows\system32\DNSAPI.dll
0x000007fef3e90000 - 0x000007fef3e9b000 	C:\Windows\System32\winrnr.dll
0x000007fef3e60000 - 0x000007fef3e8f000 	C:\Program Files\Common Files\Microsoft Shared\Windows Live\WLIDNSP.DLL
0x000007fef3e50000 - 0x000007fef3e60000 	C:\Windows\system32\wshbth.dll
0x0000000070fb0000 - 0x0000000070fd6000 	C:\Program Files\Bonjour\mdnsNSP.dll
0x000007fef9aa0000 - 0x000007fef9ac7000 	C:\Windows\system32\Iphlpapi.DLL
0x000007fef9bc0000 - 0x000007fef9bcb000 	C:\Windows\system32\WINNSI.DLL
0x000007fefb490000 - 0x000007fefb5b5000 	C:\Windows\system32\DBGHELP.DLL
0x00000000747b0000 - 0x00000000747b3000 	C:\Windows\system32\security.dll
0x000007fefcaa0000 - 0x000007fefcaab000 	C:\Windows\system32\SECUR32.DLL
0x000007fefcad0000 - 0x000007fefcaf5000 	C:\Windows\system32\SSPICLI.DLL
0x000007fefc0a0000 - 0x000007fefc0aa000 	C:\Windows\system32\credssp.dll
0x000007fefc450000 - 0x000007fefc4a2000 	C:\Windows\system32\msv1_0.DLL
0x000007fefc7a0000 - 0x000007fefc7b4000 	C:\Windows\system32\cryptdll.dll
0x000007fefb470000 - 0x000007fefb477000 	C:\Windows\System32\wshtcpip.dll
0x000007fef9b40000 - 0x000007fef9b93000 	C:\Windows\System32\fwpuclnt.dll
0x000007fef3e40000 - 0x000007fef3e48000 	C:\Windows\system32\rasadhlp.dll

VM Arguments:
jvm_args: -agentlib:jdwp=transport=dt_socket,suspend=y,address=localhost:57077 -Dfile.encoding=Cp1252 
java_command: com.bayviewglen.daytwo.Example1
java_class_path (initial): C:\Users\ckoch\Google Drive\11\AP - Computer Science\Workspaces\Block Five\Unit Six\bin
Launcher Type: SUN_STANDARD

Environment Variables:
CLASSPATH=.;C:\Program Files (x86)\Java\jre7\lib\ext\QTJava.zip
PATH=C:\Program Files\Java\jdk1.8.0_20\jre\bin;C:/Program Files/Java/jre1.8.0_20/bin/server;C:/Program Files/Java/jre1.8.0_20/bin;C:/Program Files/Java/jre1.8.0_20/lib/amd64;C:\ProgramData\Oracle\Java\javapath;C:\PROGRAM FILES\COMMON FILES\MICROSOFT SHARED\WINDOWS LIVE;C:\PROGRAM FILES (X86)\COMMON FILES\MICROSOFT SHARED\WINDOWS LIVE;C:\PROGRAM FILES (X86)\INTEL\ICLS CLIENT\;C:\PROGRAM FILES\INTEL\ICLS CLIENT\;C:\Windows\SYSTEM32;C:\Windows;C:\Windows\SYSTEM32\WBEM;C:\Windows\SYSTEM32\WINDOWSPOWERSHELL\V1.0\;C:\PROGRAM FILES\INTEL\INTEL(R) MANAGEMENT ENGINE COMPONENTS\DAL;C:\PROGRAM FILES\INTEL\INTEL(R) MANAGEMENT ENGINE COMPONENTS\IPT;C:\PROGRAM FILES (X86)\INTEL\INTEL(R) MANAGEMENT ENGINE COMPONENTS\DAL;C:\PROGRAM FILES (X86)\INTEL\INTEL(R) MANAGEMENT ENGINE COMPONENTS\IPT;C:\PROGRAM FILES (X86)\INTEL\OPENCL SDK\2.0\BIN\X86;C:\PROGRAM FILES (X86)\INTEL\OPENCL SDK\2.0\BIN\X64;C:\PROGRAM FILES (X86)\WINDOWS LIVE\SHARED;C:\Program Files\ThinkPad\Bluetooth Software\;C:\Program Files\ThinkPad\Bluetooth Software\syswow64;C:\Program Files\Intel\WiFi\bin\;C:\Program Files\Common Files\Intel\WirelessCommon\;C:\Program Files (x86)\QuickTime\QTSystem\;C:\Program Files (x86)\Xuggle\bin;C:\Program Files\Intel\WiFi\bin\;C:\Program Files\Common Files\Intel\WirelessCommon\;C:\Users\ckoch\Google Drive\11\AP - Computer Science\eclipse;
USERNAME=ckoch
OS=Windows_NT
PROCESSOR_IDENTIFIER=Intel64 Family 6 Model 58 Stepping 9, GenuineIntel



---------------  S Y S T E M  ---------------

OS: Windows 7 , 64 bit Build 7601 Service Pack 1

CPU:total 4 (2 cores per cpu, 2 threads per core) family 6 model 58 stepping 9, cmov, cx8, fxsr, mmx, sse, sse2, sse3, ssse3, sse4.1, sse4.2, popcnt, avx, aes, clmul, erms, ht, tsc, tscinvbit, tscinv

Memory: 4k page, physical 3909740k(965028k free), swap 7817616k(1531532k free)

vm_info: Java HotSpot(TM) 64-Bit Server VM (25.20-b23) for windows-amd64 JRE (1.8.0_20-b26), built on Jul 30 2014 13:51:23 by "java_re" with MS VC++ 10.0 (VS2010)

time: Wed Jan 07 09:54:54 2015
elapsed time: 801 seconds (0d 0h 13m 21s)

